<?xml version="1.0" encoding="utf-8"?><testsuites name="pytest tests"><testsuite name="pytest" errors="0" failures="1" skipped="0" tests="17" time="9.725" timestamp="2026-04-10T23:57:31.893896+00:00" hostname="agent-env-6ea7668a-2507-434c-94f4-42bfd3318a28"><testcase classname="backend.tests.test_iteration13_features.TestHealthCheck" name="test_api_root_returns_200" time="0.233" /><testcase classname="backend.tests.test_iteration13_features.TestAuthentication" name="test_login_with_valid_credentials" time="0.451"><failure message="AssertionError: Response should contain 'colaborador'&#10;assert 'colaborador' in {'account_type': 'corporate', 'cargo': None, 'company_name': 'VitalFlow', 'current_streak': 1, ...}">backend/tests/test_iteration13_features.py:43: in test_login_with_valid_credentials
    assert "colaborador" in data, "Response should contain 'colaborador'"
E   AssertionError: Response should contain 'colaborador'
E   assert 'colaborador' in {'account_type': 'corporate', 'cargo': None, 'company_name': 'VitalFlow', 'current_streak': 1, ...}</failure></testcase><testcase classname="backend.tests.test_iteration13_features.TestAuthentication" name="test_login_with_invalid_credentials" time="0.363" /><testcase classname="backend.tests.test_iteration13_features.TestBillingEndpoints" name="test_create_checkout_endpoint_exists" time="0.615" /><testcase classname="backend.tests.test_iteration13_features.TestBillingEndpoints" name="test_checkout_status_endpoint_exists" time="0.979" /><testcase classname="backend.tests.test_iteration13_features.TestBillingEndpoints" name="test_stripe_webhook_endpoint_exists" time="0.530" /><testcase classname="backend.tests.test_iteration13_features.TestMorningReportEndpoint" name="test_morning_report_endpoint_returns_200" time="0.596" /><testcase classname="backend.tests.test_iteration13_features.TestHeatmapEndpoint" name="test_heatmap_endpoint_returns_200" time="0.545" /><testcase classname="backend.tests.test_iteration13_features.TestHeatmapEndpoint" name="test_heatmap_with_different_periods" time="0.627" /><testcase classname="backend.tests.test_iteration13_features.TestExistingEndpoints" name="test_dashboard_metrics_endpoint" time="0.544" /><testcase classname="backend.tests.test_iteration13_features.TestExistingEndpoints" name="test_dashboard_setores_endpoint" time="0.546" /><testcase classname="backend.tests.test_iteration13_features.TestExistingEndpoints" name="test_team_overview_endpoint" time="0.569" /><testcase classname="backend.tests.test_iteration13_features.TestExistingEndpoints" name="test_team_overview_with_setor_filter" time="0.714" /><testcase classname="backend.tests.test_iteration13_features.TestExistingEndpoints" name="test_health_trend_endpoint" time="0.522" /><testcase classname="backend.tests.test_iteration13_features.TestExistingEndpoints" name="test_gamification_stats_endpoint" time="0.516" /><testcase classname="backend.tests.test_iteration13_features.TestExistingEndpoints" name="test_history_endpoint" time="0.569" /><testcase classname="backend.tests.test_iteration13_features.TestExistingEndpoints" name="test_wearables_endpoint" time="0.549" /></testsuite></testsuites>