<?xml version="1.0" encoding="utf-8"?><testsuites name="pytest tests"><testsuite name="pytest" errors="0" failures="0" skipped="0" tests="14" time="8.166" timestamp="2026-04-02T20:33:01.078131+00:00" hostname="agent-env-6ea7668a-2507-434c-94f4-42bfd3318a28"><testcase classname="backend.tests.test_b2b_panel.TestB2BPanelEndpoints" name="test_add_employee_success_gestor" time="0.752" /><testcase classname="backend.tests.test_b2b_panel.TestB2BPanelEndpoints" name="test_add_employee_missing_fields" time="0.524" /><testcase classname="backend.tests.test_b2b_panel.TestB2BPanelEndpoints" name="test_add_employee_duplicate_email" time="2.406" /><testcase classname="backend.tests.test_b2b_panel.TestB2BPanelEndpoints" name="test_add_employee_forbidden_non_gestor" time="0.395" /><testcase classname="backend.tests.test_b2b_panel.TestB2BPanelEndpoints" name="test_export_pdf_success_7d" time="0.503" /><testcase classname="backend.tests.test_b2b_panel.TestB2BPanelEndpoints" name="test_export_pdf_success_30d" time="0.434" /><testcase classname="backend.tests.test_b2b_panel.TestB2BPanelEndpoints" name="test_export_pdf_success_6m" time="0.416" /><testcase classname="backend.tests.test_b2b_panel.TestB2BPanelEndpoints" name="test_export_pdf_forbidden_non_gestor" time="0.410" /><testcase classname="backend.tests.test_b2b_panel.TestB2BPanelEndpoints" name="test_team_overview_success_default" time="0.401" /><testcase classname="backend.tests.test_b2b_panel.TestB2BPanelEndpoints" name="test_team_overview_with_period_7d" time="0.382" /><testcase classname="backend.tests.test_b2b_panel.TestB2BPanelEndpoints" name="test_team_overview_with_period_30d" time="0.427" /><testcase classname="backend.tests.test_b2b_panel.TestB2BPanelEndpoints" name="test_team_overview_with_period_6m" time="0.381" /><testcase classname="backend.tests.test_b2b_panel.TestB2BPanelEndpoints" name="test_team_overview_forbidden_non_gestor" time="0.378" /><testcase classname="backend.tests.test_b2b_panel.TestB2BPanelEndpoints" name="test_endpoints_require_auth" time="0.197" /></testsuite></testsuites>