<?xml version="1.0" encoding="utf-8"?><testsuites name="pytest tests"><testsuite name="pytest" errors="0" failures="0" skipped="0" tests="24" time="18.071" timestamp="2026-04-02T21:04:55.818246+00:00" hostname="agent-env-6ea7668a-2507-434c-94f4-42bfd3318a28"><testcase classname="tests.test_refactored_api.TestRootEndpoint" name="test_root_endpoint_works" time="0.281" /><testcase classname="tests.test_refactored_api.TestAuthEndpoints" name="test_login_with_admin_credentials" time="0.749" /><testcase classname="tests.test_refactored_api.TestAuthEndpoints" name="test_login_invalid_credentials" time="0.708" /><testcase classname="tests.test_refactored_api.TestAuthEndpoints" name="test_logout" time="0.741" /><testcase classname="tests.test_refactored_api.TestAuthEndpoints" name="test_get_me_authenticated" time="0.735" /><testcase classname="tests.test_refactored_api.TestAuthEndpoints" name="test_update_profile_nome" time="0.835" /><testcase classname="tests.test_refactored_api.TestAuthEndpoints" name="test_forgot_password_valid_email" time="1.437" /><testcase classname="tests.test_refactored_api.TestAuthEndpoints" name="test_forgot_password_unknown_email" time="0.581" /><testcase classname="tests.test_refactored_api.TestAuthEndpoints" name="test_register_new_personal_user" time="0.691" /><testcase classname="tests.test_refactored_api.TestAuthEndpoints" name="test_check_domain_corporate" time="0.460" /><testcase classname="tests.test_refactored_api.TestAuthEndpoints" name="test_check_domain_personal" time="0.477" /><testcase classname="tests.test_refactored_api.TestDashboardEndpoints" name="test_dashboard_metrics_requires_gestor" time="0.772" /><testcase classname="tests.test_refactored_api.TestDashboardEndpoints" name="test_add_employee_creates_user" time="0.943" /><testcase classname="tests.test_refactored_api.TestDashboardEndpoints" name="test_add_employee_gestor_level" time="0.971" /><testcase classname="tests.test_refactored_api.TestDashboardEndpoints" name="test_team_overview" time="0.767" /><testcase classname="tests.test_refactored_api.TestDashboardEndpoints" name="test_export_pdf" time="0.813" /><testcase classname="tests.test_refactored_api.TestGamificationEndpoints" name="test_gamification_stats" time="0.720" /><testcase classname="tests.test_refactored_api.TestGamificationEndpoints" name="test_gamification_leaderboard" time="0.747" /><testcase classname="tests.test_refactored_api.TestBillingEndpoints" name="test_billing_plan" time="0.734" /><testcase classname="tests.test_refactored_api.TestBillingEndpoints" name="test_billing_upgrade" time="0.790" /><testcase classname="tests.test_refactored_api.TestHealthEndpoints" name="test_predictive_alert_corporate" time="0.758" /><testcase classname="tests.test_refactored_api.TestHealthEndpoints" name="test_health_trend" time="0.736" /><testcase classname="tests.test_refactored_api.TestSmartwatchEndpoints" name="test_energy_status" time="0.777" /><testcase classname="tests.test_refactored_api.TestWearablesEndpoints" name="test_get_wearables" time="0.726" /></testsuite></testsuites>