<?xml version="1.0" encoding="utf-8"?><testsuites name="pytest tests"><testsuite name="pytest" errors="0" failures="0" skipped="0" tests="15" time="9.743" timestamp="2026-03-31T23:55:22.921426+00:00" hostname="agent-env-6ea7668a-2507-434c-94f4-42bfd3318a28"><testcase classname="tests.test_gamification_billing.TestAuth" name="test_admin_login" time="0.347" /><testcase classname="tests.test_gamification_billing.TestAuth" name="test_register_free_user" time="0.348" /><testcase classname="tests.test_gamification_billing.TestAuth" name="test_register_corporate_user" time="0.334" /><testcase classname="tests.test_gamification_billing.TestGamification" name="test_gamification_stats" time="0.367" /><testcase classname="tests.test_gamification_billing.TestGamification" name="test_gamification_leaderboard" time="0.383" /><testcase classname="tests.test_gamification_billing.TestGamification" name="test_follow_nudge_requires_analysis" time="0.696" /><testcase classname="tests.test_gamification_billing.TestGamification" name="test_follow_nudge_with_real_analysis" time="2.177" /><testcase classname="tests.test_gamification_billing.TestGamification" name="test_follow_nudge_duplicate_rejected" time="1.907" /><testcase classname="tests.test_gamification_billing.TestBilling" name="test_free_user_plan" time="0.402" /><testcase classname="tests.test_gamification_billing.TestBilling" name="test_upgrade_to_premium" time="0.473" /><testcase classname="tests.test_gamification_billing.TestBilling" name="test_corporate_user_plan" time="0.394" /><testcase classname="tests.test_gamification_billing.TestPredictiveAlert" name="test_free_user_locked" time="0.370" /><testcase classname="tests.test_gamification_billing.TestPredictiveAlert" name="test_premium_user_unlocked" time="0.440" /><testcase classname="tests.test_gamification_billing.TestPredictiveAlert" name="test_corporate_user_unlocked" time="0.382" /><testcase classname="tests.test_gamification_billing.TestCorporateLogin" name="test_corporate_login_returns_company_name" time="0.655" /></testsuite></testsuites>