<?xml version="1.0" encoding="utf-8"?><testsuites name="pytest tests"><testsuite name="pytest" errors="0" failures="0" skipped="0" tests="9" time="3.267" timestamp="2026-04-03T00:20:55.527002+00:00" hostname="agent-env-6ea7668a-2507-434c-94f4-42bfd3318a28"><testcase classname="backend.tests.test_iteration9_features.TestAuthLogin" name="test_login_admin_success" time="0.449" /><testcase classname="backend.tests.test_iteration9_features.TestAuthLogin" name="test_login_trial_user_success" time="0.383" /><testcase classname="backend.tests.test_iteration9_features.TestAuthLogin" name="test_login_invalid_credentials" time="0.105" /><testcase classname="backend.tests.test_iteration9_features.TestPremiumTrialRegistration" name="test_register_new_user_gets_premium_trial" time="0.391" /><testcase classname="backend.tests.test_iteration9_features.TestAuthMeEndpoint" name="test_auth_me_returns_premium_expires_at_for_admin" time="0.420" /><testcase classname="backend.tests.test_iteration9_features.TestAuthMeEndpoint" name="test_auth_me_returns_premium_expires_at_for_trial_user" time="0.387" /><testcase classname="backend.tests.test_iteration9_features.TestBillingPlan" name="test_billing_plan_for_corporate_admin" time="0.456" /><testcase classname="backend.tests.test_iteration9_features.TestBillingPlan" name="test_billing_plan_for_trial_user" time="0.387" /><testcase classname="backend.tests.test_iteration9_features.TestHealthCheck" name="test_api_root" time="0.108" /></testsuite></testsuites>