<?xml version="1.0" encoding="utf-8"?><testsuites name="pytest tests"><testsuite name="pytest" errors="0" failures="0" skipped="0" tests="8" time="2.529" timestamp="2026-04-02T21:26:33.087481+00:00" hostname="agent-env-6ea7668a-2507-434c-94f4-42bfd3318a28"><testcase classname="backend.tests.test_iteration8_features.TestGoogleFitEndpoints" name="test_google_fit_status_returns_configured_false" time="0.231" /><testcase classname="backend.tests.test_iteration8_features.TestGoogleFitEndpoints" name="test_google_fit_auth_returns_501_when_not_configured" time="0.401" /><testcase classname="backend.tests.test_iteration8_features.TestAuthEndpoints" name="test_login_with_admin_credentials" time="0.331" /><testcase classname="backend.tests.test_iteration8_features.TestAuthEndpoints" name="test_login_with_invalid_credentials" time="0.113" /><testcase classname="backend.tests.test_iteration8_features.TestWearablesEndpoints" name="test_get_wearables_list" time="0.387" /><testcase classname="backend.tests.test_iteration8_features.TestHistoryEndpoints" name="test_get_history" time="0.383" /><testcase classname="backend.tests.test_iteration8_features.TestGamificationEndpoints" name="test_get_gamification_stats" time="0.377" /><testcase classname="backend.tests.test_iteration8_features.TestRootEndpoint" name="test_api_root" time="0.222" /></testsuite></testsuites>