<?xml version="1.0" encoding="utf-8"?><testsuites name="pytest tests"><testsuite name="pytest" errors="0" failures="0" skipped="0" tests="18" time="8.310" timestamp="2026-04-05T11:15:05.392035+00:00" hostname="agent-env-6ea7668a-2507-434c-94f4-42bfd3318a28"><testcase classname="backend.tests.test_iteration11_features.TestHealthEndpoint" name="test_health_trend_endpoint_returns_200" time="0.513" /><testcase classname="backend.tests.test_iteration11_features.TestHealthEndpoint" name="test_health_trend_has_medical_alert_field" time="0.462" /><testcase classname="backend.tests.test_iteration11_features.TestHealthEndpoint" name="test_health_trend_without_auth_returns_401" time="0.507" /><testcase classname="backend.tests.test_iteration11_features.TestWearablesSyncEndpoint" name="test_wearables_sync_returns_404_when_no_tokens" time="0.454" /><testcase classname="backend.tests.test_iteration11_features.TestWearablesSyncEndpoint" name="test_wearables_sync_without_auth_returns_401" time="0.501" /><testcase classname="backend.tests.test_iteration11_features.TestWearablesEndpoints" name="test_get_wearables_returns_200" time="0.451" /><testcase classname="backend.tests.test_iteration11_features.TestWearablesEndpoints" name="test_google_fit_status_returns_200" time="0.477" /><testcase classname="backend.tests.test_iteration11_features.TestGestorDashboardRegression" name="test_dashboard_setores_returns_list" time="0.485" /><testcase classname="backend.tests.test_iteration11_features.TestGestorDashboardRegression" name="test_team_overview_with_period_filter" time="0.561" /><testcase classname="backend.tests.test_iteration11_features.TestGestorDashboardRegression" name="test_team_overview_with_setor_filter" time="0.478" /><testcase classname="backend.tests.test_iteration11_features.TestGestorDashboardRegression" name="test_team_stress_returns_metrics" time="0.460" /><testcase classname="backend.tests.test_iteration11_features.TestAuthEndpoints" name="test_login_with_valid_credentials" time="0.435" /><testcase classname="backend.tests.test_iteration11_features.TestAuthEndpoints" name="test_login_with_invalid_credentials" time="0.104" /><testcase classname="backend.tests.test_iteration11_features.TestAuthEndpoints" name="test_me_endpoint_returns_user_data" time="0.521" /><testcase classname="backend.tests.test_iteration11_features.TestPredictiveAlert" name="test_predictive_alert_returns_200" time="0.716" /><testcase classname="backend.tests.test_iteration11_features.TestGamificationEndpoints" name="test_gamification_stats_returns_200" time="0.452" /><testcase classname="backend.tests.test_iteration11_features.TestHistoryEndpoint" name="test_history_returns_200" time="0.535" /><testcase classname="backend.tests.test_iteration11_features.TestAPIRoot" name="test_api_root_returns_welcome_message" time="0.106" /></testsuite></testsuites>