<?xml version="1.0" encoding="utf-8"?><testsuites name="pytest tests"><testsuite name="pytest" errors="0" failures="0" skipped="0" tests="9" time="7.805" timestamp="2026-04-02T20:45:29.193445+00:00" hostname="agent-env-6ea7668a-2507-434c-94f4-42bfd3318a28"><testcase classname="backend.tests.test_iteration6_features.TestForgotPassword" name="test_forgot_password_valid_email" time="1.046" /><testcase classname="backend.tests.test_iteration6_features.TestForgotPassword" name="test_forgot_password_unknown_email" time="0.547" /><testcase classname="backend.tests.test_iteration6_features.TestForgotPassword" name="test_forgot_password_invalid_email_format" time="0.110" /><testcase classname="backend.tests.test_iteration6_features.TestAddEmployeeWithNivelAcesso" name="test_add_employee_with_nivel_user" time="1.281" /><testcase classname="backend.tests.test_iteration6_features.TestAddEmployeeWithNivelAcesso" name="test_add_employee_with_nivel_gestor" time="1.285" /><testcase classname="backend.tests.test_iteration6_features.TestAddEmployeeWithNivelAcesso" name="test_add_employee_invalid_nivel_defaults_to_user" time="1.277" /><testcase classname="backend.tests.test_iteration6_features.TestCorporateUserProfile" name="test_admin_is_corporate_user" time="0.655" /><testcase classname="backend.tests.test_iteration6_features.TestCorporateUserProfile" name="test_profile_update_only_allows_nome_and_data_nascimento" time="0.809" /><testcase classname="backend.tests.test_iteration6_features.TestAuthLogin" name="test_login_with_admin_credentials" time="0.705" /></testsuite></testsuites>