<?xml version="1.0" encoding="utf-8"?><testsuites name="pytest tests"><testsuite name="pytest" errors="0" failures="0" skipped="0" tests="19" time="8.150" timestamp="2026-04-05T11:08:35.999795+00:00" hostname="agent-env-6ea7668a-2507-434c-94f4-42bfd3318a28"><testcase classname="backend.tests.test_iteration10_v3.TestHealthAndAuth" name="test_api_health" time="0.155" /><testcase classname="backend.tests.test_iteration10_v3.TestHealthAndAuth" name="test_admin_login_success" time="0.428" /><testcase classname="backend.tests.test_iteration10_v3.TestHealthAndAuth" name="test_login_invalid_credentials" time="0.122" /><testcase classname="backend.tests.test_iteration10_v3.TestGestorDashboardSetores" name="test_get_setores_endpoint" time="0.453" /><testcase classname="backend.tests.test_iteration10_v3.TestGestorDashboardSetores" name="test_setores_requires_gestor_auth" time="0.102" /><testcase classname="backend.tests.test_iteration10_v3.TestGestorDashboardSetores" name="test_team_overview_without_setor_filter" time="0.471" /><testcase classname="backend.tests.test_iteration10_v3.TestGestorDashboardSetores" name="test_team_overview_with_setor_filter" time="0.514" /><testcase classname="backend.tests.test_iteration10_v3.TestGestorDashboardSetores" name="test_period_filter_7d" time="0.451" /><testcase classname="backend.tests.test_iteration10_v3.TestGestorDashboardSetores" name="test_period_filter_30d" time="0.464" /><testcase classname="backend.tests.test_iteration10_v3.TestGestorDashboardSetores" name="test_period_filter_6m" time="0.461" /><testcase classname="backend.tests.test_iteration10_v3.TestWearablesSync" name="test_wearables_sync_no_tokens" time="0.459" /><testcase classname="backend.tests.test_iteration10_v3.TestWearablesSync" name="test_google_fit_status" time="0.455" /><testcase classname="backend.tests.test_iteration10_v3.TestB2BHybridAddEmployee" name="test_add_new_employee" time="0.674" /><testcase classname="backend.tests.test_iteration10_v3.TestB2BHybridAddEmployee" name="test_add_employee_missing_fields" time="0.474" /><testcase classname="backend.tests.test_iteration10_v3.TestB2BHybridAddEmployee" name="test_add_employee_duplicate_corporate" time="0.516" /><testcase classname="backend.tests.test_iteration10_v3.TestExportPDF" name="test_export_pdf_7d" time="0.697" /><testcase classname="backend.tests.test_iteration10_v3.TestExportPDF" name="test_export_pdf_30d" time="0.473" /><testcase classname="backend.tests.test_iteration10_v3.TestExportPDF" name="test_export_pdf_requires_gestor" time="0.111" /><testcase classname="backend.tests.test_iteration10_v3.TestTeamStress" name="test_team_stress_endpoint" time="0.458" /></testsuite></testsuites>