<?xml version="1.0" encoding="utf-8"?><testsuites name="pytest tests"><testsuite name="pytest" errors="0" failures="0" skipped="0" tests="28" time="7.405" timestamp="2026-04-05T11:46:20.562852+00:00" hostname="agent-env-6ea7668a-2507-434c-94f4-42bfd3318a28"><testcase classname="backend.tests.test_iteration12_features.TestClassifyActivity" name="test_exercise_high_bpm_high_steps_per_hour" time="1.413" /><testcase classname="backend.tests.test_iteration12_features.TestClassifyActivity" name="test_exercise_moderate_steps_per_hour" time="0.000" /><testcase classname="backend.tests.test_iteration12_features.TestClassifyActivity" name="test_exercise_high_steps_only" time="0.000" /><testcase classname="backend.tests.test_iteration12_features.TestClassifyActivity" name="test_exercise_daily_active" time="0.000" /><testcase classname="backend.tests.test_iteration12_features.TestClassifyActivity" name="test_no_exercise_low_activity" time="0.000" /><testcase classname="backend.tests.test_iteration12_features.TestClassifyActivity" name="test_no_exercise_high_bpm_no_steps" time="0.000" /><testcase classname="backend.tests.test_iteration12_features.TestCalculateSleepRecovery" name="test_sleep_5h_insufficient_recovery" time="0.000" /><testcase classname="backend.tests.test_iteration12_features.TestCalculateSleepRecovery" name="test_sleep_7_5h_optimal_recovery" time="0.000" /><testcase classname="backend.tests.test_iteration12_features.TestCalculateSleepRecovery" name="test_sleep_7h_good_recovery" time="0.000" /><testcase classname="backend.tests.test_iteration12_features.TestCalculateSleepRecovery" name="test_sleep_6h_moderate_recovery" time="0.000" /><testcase classname="backend.tests.test_iteration12_features.TestCalculateSleepRecovery" name="test_sleep_4h_critical_recovery" time="0.000" /><testcase classname="backend.tests.test_iteration12_features.TestCalculateSleepRecovery" name="test_sleep_with_deep_sleep_bonus" time="0.000" /><testcase classname="backend.tests.test_iteration12_features.TestFallbackAnalysis" name="test_exercise_context_high_vscore" time="0.000" /><testcase classname="backend.tests.test_iteration12_features.TestFallbackAnalysis" name="test_no_exercise_stress_detected" time="0.000" /><testcase classname="backend.tests.test_iteration12_features.TestFallbackAnalysis" name="test_low_hrv_penalty" time="0.000" /><testcase classname="backend.tests.test_iteration12_features.TestBackendAPI" name="test_health_endpoint" time="0.582" /><testcase classname="backend.tests.test_iteration12_features.TestBackendAPI" name="test_wearables_sync_no_tokens" time="0.490" /><testcase classname="backend.tests.test_iteration12_features.TestBackendAPI" name="test_analyze_endpoint" time="1.877" /><testcase classname="backend.tests.test_iteration12_features.TestBackendAPI" name="test_health_trend_includes_medical_alert" time="0.479" /><testcase classname="backend.tests.test_iteration12_features.TestBackendAPI" name="test_gamification_stats" time="0.464" /><testcase classname="backend.tests.test_iteration12_features.TestBackendAPI" name="test_history_endpoint" time="0.468" /><testcase classname="backend.tests.test_iteration12_features.TestBackendAPI" name="test_wearables_list" time="0.516" /><testcase classname="backend.tests.test_iteration12_features.TestBackendAPI" name="test_google_fit_status" time="0.464" /><testcase classname="backend.tests.test_iteration12_features.TestDeployFiles" name="test_dockerfile_exists" time="0.000" /><testcase classname="backend.tests.test_iteration12_features.TestDeployFiles" name="test_render_yaml_exists" time="0.000" /><testcase classname="backend.tests.test_iteration12_features.TestDeployFiles" name="test_docker_compose_exists" time="0.000" /><testcase classname="backend.tests.test_iteration12_features.TestLoginFlow" name="test_login_success" time="0.448" /><testcase classname="backend.tests.test_iteration12_features.TestLoginFlow" name="test_login_invalid_credentials" time="0.099" /></testsuite></testsuites>