<?xml version="1.0" encoding="utf-8"?><testsuites name="pytest tests"><testsuite name="pytest" errors="0" failures="0" skipped="0" tests="17" time="8.007" timestamp="2026-04-02T19:52:27.059678+00:00" hostname="agent-env-6ea7668a-2507-434c-94f4-42bfd3318a28"><testcase classname="backend.tests.test_vitalflow_v2.TestHealthTrend" name="test_health_trend_returns_200" time="0.539" /><testcase classname="backend.tests.test_vitalflow_v2.TestHealthTrend" name="test_health_trend_response_structure" time="0.451" /><testcase classname="backend.tests.test_vitalflow_v2.TestHealthTrend" name="test_health_trend_intervention_message_when_required" time="0.405" /><testcase classname="backend.tests.test_vitalflow_v2.TestHealthTrend" name="test_health_trend_requires_auth" time="0.640" /><testcase classname="backend.tests.test_vitalflow_v2.TestTeamOverview" name="test_team_overview_returns_200_for_gestor" time="0.420" /><testcase classname="backend.tests.test_vitalflow_v2.TestTeamOverview" name="test_team_overview_response_structure" time="0.420" /><testcase classname="backend.tests.test_vitalflow_v2.TestTeamOverview" name="test_team_overview_returns_403_for_non_gestor" time="0.769" /><testcase classname="backend.tests.test_vitalflow_v2.TestTeamOverview" name="test_team_overview_lei_14831_alerts_is_integer" time="0.365" /><testcase classname="backend.tests.test_vitalflow_v2.TestWearableOAuthCallback" name="test_oauth_callback_returns_200" time="0.398" /><testcase classname="backend.tests.test_vitalflow_v2.TestWearableOAuthCallback" name="test_oauth_callback_response_structure" time="0.391" /><testcase classname="backend.tests.test_vitalflow_v2.TestWearableOAuthCallback" name="test_oauth_callback_creates_device" time="0.480" /><testcase classname="backend.tests.test_vitalflow_v2.TestWearableOAuthCallback" name="test_oauth_callback_different_providers" time="0.536" /><testcase classname="backend.tests.test_vitalflow_v2.TestWearableOAuthCallback" name="test_oauth_callback_requires_auth" time="0.541" /><testcase classname="backend.tests.test_vitalflow_v2.TestTeamStress" name="test_team_stress_returns_200_for_gestor" time="0.397" /><testcase classname="backend.tests.test_vitalflow_v2.TestTeamStress" name="test_team_stress_response_structure" time="0.384" /><testcase classname="backend.tests.test_vitalflow_v2.TestAuthAndAccess" name="test_admin_login_success" time="0.330" /><testcase classname="backend.tests.test_vitalflow_v2.TestAuthAndAccess" name="test_admin_is_premium" time="0.333" /></testsuite></testsuites>